[debug] [2022-11-04T04:53:01.216Z] ----------------------------------------------------------------------
[debug] [2022-11-04T04:53:01.218Z] Command:       C:\Program Files\nodejs\node.exe C:\Users\HARITHA\AppData\Roaming\npm\node_modules\firebase-tools\lib\bin\firebase.js init
[debug] [2022-11-04T04:53:01.218Z] CLI Version:   11.16.0
[debug] [2022-11-04T04:53:01.218Z] Platform:      win32
[debug] [2022-11-04T04:53:01.218Z] Node Version:  v16.16.0
[debug] [2022-11-04T04:53:01.219Z] Time:          Fri Nov 04 2022 10:23:01 GMT+0530 (India Standard Time)
[debug] [2022-11-04T04:53:01.219Z] ----------------------------------------------------------------------
[debug] 
[debug] [2022-11-04T04:53:01.282Z] > command requires scopes: ["email","openid","https://www.googleapis.com/auth/cloudplatformprojects.readonly","https://www.googleapis.com/auth/firebase","https://www.googleapis.com/auth/cloud-platform"]
[debug] [2022-11-04T04:53:01.283Z] > authorizing via signed-in user (harithamaha06@gmail.com)
[info] 
     ######## #### ########  ######## ########     ###     ######  ########
     ##        ##  ##     ## ##       ##     ##  ##   ##  ##       ##
     ######    ##  ########  ######   ########  #########  ######  ######
     ##        ##  ##    ##  ##       ##     ## ##     ##       ## ##
     ##       #### ##     ## ######## ########  ##     ##  ######  ########

You're about to initialize a Firebase project in this directory:

  C:\Users\HARITHA\Downloads\student-management-system-master\student-management-system-master

Before we get started, keep in mind:

  * You are initializing within an existing Firebase project directory

[info] 
=== Project Setup
[info] 
[info] First, let's associate this project directory with a Firebase project.
[info] You can create multiple project aliases by running firebase use --add, 
[info] but for now we'll just set up a default project.
[info] 
[debug] [2022-11-04T04:53:07.407Z] Using project from CLI flag: student-d47a9
[debug] [2022-11-04T04:53:07.410Z] >>> [apiv2][query] GET https://firebase.googleapis.com/v1beta1/projects/student-d47a9 [none]
[debug] [2022-11-04T04:53:07.928Z] <<< [apiv2][status] GET https://firebase.googleapis.com/v1beta1/projects/student-d47a9 403
[debug] [2022-11-04T04:53:07.928Z] <<< [apiv2][body] GET https://firebase.googleapis.com/v1beta1/projects/student-d47a9 {"error":{"code":403,"message":"The caller does not have permission","status":"PERMISSION_DENIED"}}
[debug] [2022-11-04T04:53:07.929Z] HTTP Error: 403, The caller does not have permission
[debug] [2022-11-04T04:53:08.100Z] FirebaseError: HTTP Error: 403, The caller does not have permission
    at responseToError (C:\Users\HARITHA\AppData\Roaming\npm\node_modules\firebase-tools\lib\responseToError.js:49:12)
    at RetryOperation._fn (C:\Users\HARITHA\AppData\Roaming\npm\node_modules\firebase-tools\lib\apiv2.js:288:77)
    at processTicksAndRejections (node:internal/process/task_queues:96:5)
[error] 
[error] Error: Failed to get Firebase project student-d47a9. Please make sure the project exists and your account has permission to access it.
[debug] [2022-11-04T04:59:17.283Z] ----------------------------------------------------------------------
[debug] [2022-11-04T04:59:17.285Z] Command:       C:\Program Files\nodejs\node.exe C:\Users\HARITHA\AppData\Roaming\npm\node_modules\firebase-tools\lib\bin\firebase.js init
[debug] [2022-11-04T04:59:17.286Z] CLI Version:   11.16.0
[debug] [2022-11-04T04:59:17.286Z] Platform:      win32
[debug] [2022-11-04T04:59:17.286Z] Node Version:  v16.16.0
[debug] [2022-11-04T04:59:17.288Z] Time:          Fri Nov 04 2022 10:29:17 GMT+0530 (India Standard Time)
[debug] [2022-11-04T04:59:17.288Z] ----------------------------------------------------------------------
[debug] 
[debug] [2022-11-04T04:59:17.400Z] > command requires scopes: ["email","openid","https://www.googleapis.com/auth/cloudplatformprojects.readonly","https://www.googleapis.com/auth/firebase","https://www.googleapis.com/auth/cloud-platform"]
[debug] [2022-11-04T04:59:17.404Z] > authorizing via signed-in user (harithamaha06@gmail.com)
[info] 
     ######## #### ########  ######## ########     ###     ######  ########
     ##        ##  ##     ## ##       ##     ##  ##   ##  ##       ##
     ######    ##  ########  ######   ########  #########  ######  ######
     ##        ##  ##    ##  ##       ##     ## ##     ##       ## ##
     ##       #### ##     ## ######## ########  ##     ##  ######  ########

You're about to initialize a Firebase project in this directory:

  C:\Users\HARITHA\Downloads\student-management-system-master\student-management-system-master

Before we get started, keep in mind:

  * You are initializing within an existing Firebase project directory

[info] 
=== Project Setup
[info] 
[info] First, let's associate this project directory with a Firebase project.
[info] You can create multiple project aliases by running firebase use --add, 
[info] but for now we'll just set up a default project.
[info] 
[debug] [2022-11-04T04:59:23.565Z] Using project from CLI flag: student-d47a9
[debug] [2022-11-04T04:59:23.568Z] >>> [apiv2][query] GET https://firebase.googleapis.com/v1beta1/projects/student-d47a9 [none]
[debug] [2022-11-04T04:59:24.004Z] <<< [apiv2][status] GET https://firebase.googleapis.com/v1beta1/projects/student-d47a9 403
[debug] [2022-11-04T04:59:24.004Z] <<< [apiv2][body] GET https://firebase.googleapis.com/v1beta1/projects/student-d47a9 {"error":{"code":403,"message":"The caller does not have permission","status":"PERMISSION_DENIED"}}
[debug] [2022-11-04T04:59:24.005Z] HTTP Error: 403, The caller does not have permission
[debug] [2022-11-04T04:59:24.123Z] FirebaseError: HTTP Error: 403, The caller does not have permission
    at responseToError (C:\Users\HARITHA\AppData\Roaming\npm\node_modules\firebase-tools\lib\responseToError.js:49:12)
    at RetryOperation._fn (C:\Users\HARITHA\AppData\Roaming\npm\node_modules\firebase-tools\lib\apiv2.js:288:77)
    at processTicksAndRejections (node:internal/process/task_queues:96:5)
[error] 
[error] Error: Failed to get Firebase project student-d47a9. Please make sure the project exists and your account has permission to access it.
